<?xml version="1.0" encoding="UTF-8"?>
<!-- Generated by org.testng.reporters.JUnitReportReporter -->
<testsuite hostname="DESKTOP-H0CI39M" failures="0" tests="1" name="SauceDemo.Log" time="16.856" errors="0" timestamp="2024-08-28T13:56:54 IST" skipped="0">
  <testcase classname="SauceDemo.Log" name="LoginDem" time="16.856"/>
</testsuite> <!-- SauceDemo.Log -->
