<?xml version="1.0" encoding="UTF-8"?>
<!-- Generated by org.testng.reporters.JUnitReportReporter -->
<testsuite hostname="DESKTOP-H0CI39M" failures="0" tests="1" name="PractiseSite.PractiseDemo" time="6.760" errors="0" timestamp="2024-09-06T14:02:35 IST" skipped="0">
  <testcase classname="PractiseSite.PractiseDemo" name="Tab" time="6.760"/>
</testsuite> <!-- PractiseSite.PractiseDemo -->
