<?xml version="1.0" encoding="UTF-8"?>
<!-- Generated by org.testng.reporters.JUnitReportReporter -->
<testsuite hostname="DESKTOP-H0CI39M" failures="0" tests="1" name="Amazon.Demo" time="12.745" errors="0" timestamp="2024-09-06T19:01:30 IST" skipped="0">
  <testcase classname="Amazon.Demo" name="Test11" time="12.745"/>
</testsuite> <!-- Amazon.Demo -->
