<?xml version="1.0" encoding="UTF-8"?>
<!-- Generated by org.testng.reporters.JUnitReportReporter -->
<testsuite hostname="DESKTOP-H0CI39M" failures="0" tests="1" name="SauceDemo.TestCase" time="17.204" errors="0" timestamp="2024-08-27T12:20:38 IST" skipped="0">
  <testcase classname="SauceDemo.TestCase" name="LoginDemo" time="17.204"/>
</testsuite> <!-- SauceDemo.TestCase -->
