<?xml version="1.0" encoding="UTF-8"?>
<!-- Generated by org.testng.reporters.JUnitReportReporter -->
<testsuite hostname="DESKTOP-H0CI39M" failures="0" tests="1" name="SauceDemo.LoginDemo$TestCase" time="59.360" errors="0" timestamp="2024-08-27T17:11:39 IST" skipped="0">
  <testcase classname="SauceDemo.LoginDemo$TestCase" name="LoginDemo" time="59.360"/>
</testsuite> <!-- SauceDemo.LoginDemo$TestCase -->
