<?xml version="1.0" encoding="UTF-8"?>
<!-- Generated by org.testng.reporters.JUnitReportReporter -->
<testsuite hostname="DESKTOP-H0CI39M" failures="0" tests="1" name="SauceDemo.LoginDemo" time="40.792" errors="0" timestamp="2024-08-27T22:56:51 IST" skipped="0">
  <testcase classname="SauceDemo.LoginDemo" name="LoginDemo" time="40.792"/>
</testsuite> <!-- SauceDemo.LoginDemo -->
