<?xml version="1.0" encoding="UTF-8"?>
<!-- Generated by org.testng.reporters.JUnitReportReporter -->
<testsuite hostname="DESKTOP-H0CI39M" failures="0" tests="1" name="PractiseProject.Test1" time="6.292" errors="0" timestamp="2024-09-08T10:13:02 IST" skipped="0">
  <testcase classname="PractiseProject.Test1" name="Test11" time="6.292"/>
</testsuite> <!-- PractiseProject.Test1 -->
