<?xml version="1.0" encoding="UTF-8"?>
<!-- Generated by org.testng.reporters.JUnitReportReporter -->
<testsuite hostname="DESKTOP-H0CI39M" failures="0" tests="1" name="PractiseProject.Test1" time="7.270" errors="0" timestamp="2024-08-30T12:32:53 IST" skipped="0">
  <testcase classname="PractiseProject.Test1" name="Test11" time="7.270"/>
</testsuite> <!-- PractiseProject.Test1 -->
