<?xml version="1.0" encoding="UTF-8"?>
<!-- Generated by org.testng.reporters.JUnitReportReporter -->
<testsuite hostname="DESKTOP-H0CI39M" failures="0" tests="1" name="Amazon.TestCart" time="20.321" errors="0" timestamp="2024-08-30T12:21:28 IST" skipped="0">
  <testcase classname="Amazon.TestCart" name="TestAmazon" time="20.321"/>
</testsuite> <!-- Amazon.TestCart -->
