<?xml version="1.0" encoding="UTF-8"?>
<!-- Generated by org.testng.reporters.JUnitReportReporter -->
<testsuite hostname="DESKTOP-H0CI39M" failures="0" tests="1" name="SauceDemo.Log" time="15.957" errors="0" timestamp="2024-09-01T00:14:13 IST" skipped="0">
  <testcase classname="SauceDemo.Log" name="LoginDem" time="15.957"/>
</testsuite> <!-- SauceDemo.Log -->
