<?xml version="1.0" encoding="UTF-8"?>
<!-- Generated by org.testng.reporters.JUnitReportReporter -->
<testsuite hostname="DESKTOP-H0CI39M" failures="0" tests="1" name="SauceDemo.LoginDemo" time="35.994" errors="0" timestamp="2024-08-28T13:27:16 IST" skipped="0">
  <testcase classname="SauceDemo.LoginDemo" name="LoginDemoo" time="35.994"/>
</testsuite> <!-- SauceDemo.LoginDemo -->
