<?xml version="1.0" encoding="UTF-8"?>
<!-- Generated by org.testng.reporters.JUnitReportReporter -->
<testsuite hostname="DESKTOP-H0CI39M" failures="0" tests="1" name="OpenCart.TestCart" time="23.382" errors="0" timestamp="2024-08-29T11:10:46 IST" skipped="0">
  <testcase classname="OpenCart.TestCart" name="TestOpenCart" time="23.382"/>
</testsuite> <!-- OpenCart.TestCart -->
