<?xml version="1.0" encoding="UTF-8"?>
<!-- Generated by org.testng.reporters.JUnitReportReporter -->
<testsuite hostname="DESKTOP-H0CI39M" failures="0" tests="1" name="SauceDemo.LoginDemo$TestCase" time="16.041" errors="0" timestamp="2024-08-27T12:54:38 IST" skipped="0">
  <testcase classname="SauceDemo.LoginDemo$TestCase" name="LoginDemo" time="16.041"/>
</testsuite> <!-- SauceDemo.LoginDemo$TestCase -->
