<?xml version="1.0" encoding="UTF-8"?>
<!-- Generated by org.testng.reporters.JUnitReportReporter -->
<testsuite hostname="DESKTOP-H0CI39M" failures="0" tests="1" name="Amazon.Demo" time="11.892" errors="0" timestamp="2024-09-08T10:09:22 IST" skipped="0">
  <testcase classname="Amazon.Demo" name="Test11" time="11.892"/>
</testsuite> <!-- Amazon.Demo -->
